2025-07-01 14:19:51,796 - INFO - ===== BOT STARTED =====
2025-07-01 14:19:51,797 - INFO - Using device: cuda
2025-07-01 14:19:51,798 - INFO - Intents loaded successfully
2025-07-01 14:19:51,805 - INFO - Model loaded successfully
2025-07-01 14:21:23,901 - INFO - ===== BOT STARTED =====
2025-07-01 14:21:23,924 - INFO - Using device: cuda
2025-07-01 14:21:23,924 - INFO - Intents loaded successfully
2025-07-01 14:21:24,019 - INFO - Model loaded successfully
2025-07-01 14:21:27,611 - INFO - USER: hi
2025-07-01 14:21:27,716 - INFO - PREDICTED: tag='greeting', probability=0.9998
2025-07-01 14:21:27,716 - INFO - BOT: Hello, thanks for visiting
2025-07-01 14:21:33,315 - INFO - USER: what can you do?
2025-07-01 14:21:33,318 - INFO - PREDICTED: tag='astronomy_help', probability=0.7554
2025-07-01 14:21:33,319 - INFO - BOT: A black hole is a region in space where gravity is so strong that not even light can escape.
2025-07-01 14:22:02,728 - INFO - USER: give me some info about astronomy
2025-07-01 14:22:02,731 - INFO - PREDICTED: tag='science_explanation', probability=0.7999
2025-07-01 14:22:02,732 - INFO - BOT: The theory of relativity, developed by Einstein, describes the laws of physics in the presence of gravitational fields and at high speeds.
2025-07-01 14:22:18,179 - INFO - USER: What is the formula for the area of a circle?
2025-07-01 14:22:18,181 - INFO - PREDICTED: tag='science_formula', probability=1.0000
2025-07-01 14:22:18,182 - INFO - BOT: The area of a circle: A = π * r^2
2025-07-01 14:22:23,568 - INFO - USER: Which model is suitable for regression?
2025-07-01 14:22:23,571 - INFO - PREDICTED: tag='science_model', probability=1.0000
2025-07-01 14:22:23,572 - INFO - BOT: For text classification, common models are Logistic Regression, Naive Bayes, or neural networks like BERT.
2025-07-01 14:22:32,621 - INFO - USER: What is Euler's formula?
2025-07-01 14:22:32,625 - INFO - PREDICTED: tag='math_help', probability=0.9999
2025-07-01 14:22:32,625 - INFO - BOT: The quadratic formula is x = (-b ± sqrt(b^2 - 4ac)) / (2a).
2025-07-01 14:22:38,614 - INFO - USER: How do I balance a chemical equation?
2025-07-01 14:22:38,617 - INFO - PREDICTED: tag='chemistry_help', probability=0.9999
2025-07-01 14:22:38,617 - INFO - BOT: The law of conservation of mass states that mass is neither created nor destroyed in a chemical reaction.
2025-07-01 14:22:43,183 - INFO - USER: thanks
2025-07-01 14:22:43,189 - INFO - PREDICTED: tag='thanks', probability=0.9997
2025-07-01 14:22:43,189 - INFO - BOT: Happy to help!
2025-07-01 14:22:45,948 - INFO - USER: quit
2025-07-01 14:22:45,948 - INFO - User requested quit
2025-07-01 14:22:45,948 - INFO - ===== BOT STOPPED =====
